<?xml version="1.0" encoding="UTF-8"?>
<!-- Generated by org.testng.reporters.JUnitXMLReporter -->
<testsuite ignored="0" hostname="123-desktop" failures="1" tests="6" name="Test_Grid" time="48.867" errors="0" timestamp="2022-09-28T03:26:43 CEST">
  <testcase classname="tests.Register" name="navigateToRegister" time="4.668"/>
  <testcase classname="tests.Register" name="passwordConfirmationNotMatching" time="4.927"/>
  <testcase classname="tests.Register" name="registerUser" time="5.508"/>
  <testcase classname="tests.Register" name="verifyErrorsForSpacesInRequiredFields" time="25.095">
    <failure type="java.lang.AssertionError" message="expected [true] but found [false]">
      <![CDATA[java.lang.AssertionError: expected [true] but found [false]
at tests.Register.verifyErrorsForSpacesInRequiredFields(Register.java:57)
at java.base/java.util.ArrayList.forEach(ArrayList.java:1511)
... Removed 33 stack frames]]>
    </failure>
  </testcase> <!-- verifyErrorsForSpacesInRequiredFields -->
  <testcase classname="tests.Register" name="verifyHomepageIsLoaded" time="3.178"/>
  <testcase classname="tests.Register" name="verifyRequiredFieldsErrorMessages" time="4.733"/>
</testsuite> <!-- Test_Grid -->
